2019-01-02T07:42:39.830Z - normal: Load ~/.CocosCreator/settings.json
2019-01-02T07:42:39.834Z - normal: checking language setting...
2019-01-02T07:42:39.834Z - normal: Language: zh
2019-01-02T07:42:40.631Z - success: protocol editor-framework registered
2019-01-02T07:42:40.631Z - success: protocol app registered
2019-01-02T07:42:40.631Z - success: protocol theme registered
2019-01-02T07:42:40.631Z - success: protocol packages registered
2019-01-02T07:42:40.632Z - success: protocol unpack registerred
2019-01-02T07:42:40.632Z - success: protocol disable-commonjs registerred
2019-01-02T07:42:40.741Z - normal: connected!
2019-01-02T07:42:40.744Z - normal: Check project /Users/django/cocos-client/hall
2019-01-02T07:42:40.746Z - normal: Initializing Cocos2d
2019-01-02T07:42:40.999Z - normal: Initializing Asset Database
2019-01-02T07:42:41.034Z - success: protocol uuid registerred
2019-01-02T07:42:41.034Z - success: protocol db registerred
2019-01-02T07:42:41.034Z - success: protocol thumbnail registerred
2019-01-02T07:42:41.034Z - normal: Loading editor/builtin packages
2019-01-02T07:42:41.055Z - success: anysdk loaded
2019-01-02T07:42:41.175Z - success: assets loaded
2019-01-02T07:42:41.179Z - success: builder loaded
2019-01-02T07:42:41.180Z - success: cocos-analytics loaded
2019-01-02T07:42:41.186Z - success: console loaded
2019-01-02T07:42:41.217Z - success: fb-instant-games loaded
2019-01-02T07:42:41.222Z - success: hierarchy loaded
2019-01-02T07:42:41.226Z - success: inspector loaded
2019-01-02T07:42:41.227Z - success: keystore loaded
2019-01-02T07:42:41.231Z - success: node-library loaded
2019-01-02T07:42:41.238Z - success: package-asset loaded
2019-01-02T07:42:41.240Z - success: preferences loaded
2019-01-02T07:42:41.243Z - success: project-exporter loaded
2019-01-02T07:42:41.260Z - success: project-importer loaded
2019-01-02T07:42:41.263Z - success: project-settings loaded
2019-01-02T07:42:41.268Z - success: ui-kit loaded
2019-01-02T07:42:41.274Z - success: ui-grid loaded
2019-01-02T07:42:41.278Z - success: scene loaded
2019-01-02T07:42:41.280Z - success: sprite-editor loaded
2019-01-02T07:42:41.284Z - success: store loaded
2019-01-02T07:42:41.291Z - success: timeline loaded
2019-01-02T07:42:41.291Z - normal: Loading builtin packages
2019-01-02T07:42:41.296Z - success: asset-db-debugger loaded
2019-01-02T07:42:41.297Z - success: color-picker loaded
2019-01-02T07:42:41.304Z - success: package-manager loaded
2019-01-02T07:42:41.305Z - success: qqplay-adapter loaded
2019-01-02T07:42:41.312Z - success: sdkbox loaded
2019-01-02T07:42:41.319Z - success: tester loaded
2019-01-02T07:42:41.323Z - success: ui-kit-preview-extra loaded
2019-01-02T07:42:41.327Z - success: ui-kit-preview loaded
2019-01-02T07:42:41.330Z - success: ui-tree loaded
2019-01-02T07:42:41.331Z - success: weapp-adapter loaded
2019-01-02T07:42:42.390Z - normal: Initializing project /Users/django/cocos-client/hall
2019-01-02T07:42:42.392Z - normal: Loading packages
2019-01-02T07:42:42.397Z - normal: Watching packages
2019-01-02T07:42:42.498Z - normal: Run Application
2019-01-02T07:42:43.432Z - success: preview server running at http://localhost:7457
2019-01-02T07:42:48.424Z - normal: 1.9.3
2019-01-02T07:42:51.862Z - normal: Start building with options : {
  "androidStudio": true,
  "apiLevel": "android-10",
  "appABIs": [],
  "appKey": "",
  "appSecret": "",
  "buildPath": "/Users/django/cocos-client/hall/build",
  "debug": false,
  "dest": "/Users/django/cocos-client/hall/build/jsb-binary",
  "encryptJs": true,
  "excludeScenes": [],
  "excludedModules": [],
  "fb-instant-games": {},
  "includeAnySDK": false,
  "includeEruda": false,
  "includeSDKBox": false,
  "inlineSpriteFrames": true,
  "inlineSpriteFrames_native": true,
  "jailbreakPlatform": false,
  "md5Cache": false,
  "mergeStartScene": false,
  "oauthLoginServer": "",
  "optimizeHotUpdate": false,
  "orientation": {
    "landscapeLeft": true,
    "landscapeRight": true,
    "portrait": false,
    "upsideDown": false
  },
  "packageName": "org.cocos2d.hall",
  "platform": "ios",
  "previewHeight": "720",
  "previewWidth": "1280",
  "privateKey": "",
  "qqplay": {
    "REMOTE_SERVER_ROOT": "",
    "orientation": "portrait"
  },
  "renderMode": "0",
  "scenes": [
    "92bc63d6-94c8-4464-b854-b6b5d07d4743",
    "7bae9db5-5098-49b0-b306-bcf73c799a85"
  ],
  "sourceMaps": false,
  "startScene": "92bc63d6-94c8-4464-b854-b6b5d07d4743",
  "template": "binary",
  "title": "hall",
  "useDebugKeystore": true,
  "vsVersion": "auto",
  "webOrientation": "auto",
  "wechatgame": {
    "REMOTE_SERVER_ROOT": "",
    "appid": "wx6ac3f5090a6b99c5",
    "isSubdomain": false,
    "orientation": "portrait",
    "subContext": ""
  },
  "xxteaKey": "d7eed64e-50f7-43",
  "zipCompressJs": true,
  "project": "/Users/django/cocos-client/hall",
  "projectName": "hall",
  "debugBuildWorker": false
}
2019-01-02T07:42:51.865Z - normal: Building /Users/django/cocos-client/hall
2019-01-02T07:42:51.865Z - normal: Destination /Users/django/cocos-client/hall/build/jsb-binary
2019-01-02T07:42:52.652Z - normal: Delete /Users/django/cocos-client/hall/build/jsb-binary/res/**/*,/Users/django/cocos-client/hall/build/jsb-binary/src/*/
2019-01-02T07:42:52.698Z - normal: Checked Python Version [2.7.10]
2019-01-02T07:42:55.949Z - normal: Compiled project javascript file successfully
2019-01-02T07:42:55.950Z - normal: Start building assets
2019-01-02T07:42:55.950Z - normal: Start spawn build-worker
2019-01-02T07:42:56.714Z - normal: Finish spawn build-worker
2019-01-02T07:42:56.715Z - normal: Start init build-worker
2019-01-02T07:42:58.952Z - normal: 1.9.3
2019-01-02T07:42:59.044Z - normal: Finish init build-worker
2019-01-02T07:42:59.044Z - normal: Start build-assets in worker
2019-01-02T07:42:59.160Z - info: Enable "内联所有 SpriteFrame" in native platform will increase the package size used in hot update.
2019-01-02T07:42:59.290Z - normal: Finish build-assets in worker
2019-01-02T07:42:59.293Z - normal: Finish building assets
2019-01-02T07:42:59.299Z - normal: Start building raw assets
2019-01-02T07:42:59.301Z - normal: Start building plugin scripts
2019-01-02T07:42:59.346Z - normal: Finish building raw assets
2019-01-02T07:42:59.356Z - normal: Generating main.js from /Applications/CocosCreator.app/Contents/Resources/static/build-templates/shares/main.js
2019-01-02T07:42:59.426Z - normal: Checked Python Version [2.7.10]
2019-01-02T07:43:00.935Z - normal: Built to "/Users/django/cocos-client/hall/build/jsb-binary" successfully
2019-01-02T07:44:19.790Z - normal: Start building with options : {
  "androidStudio": true,
  "apiLevel": "android-10",
  "appABIs": [],
  "appKey": "",
  "appSecret": "",
  "buildPath": "/Users/django/cocos-client/hall/build",
  "debug": false,
  "dest": "/Users/django/cocos-client/hall/build/jsb-binary",
  "encryptJs": true,
  "excludeScenes": [],
  "excludedModules": [],
  "fb-instant-games": {},
  "includeAnySDK": false,
  "includeEruda": false,
  "includeSDKBox": false,
  "inlineSpriteFrames": true,
  "inlineSpriteFrames_native": true,
  "jailbreakPlatform": false,
  "md5Cache": false,
  "mergeStartScene": false,
  "oauthLoginServer": "",
  "optimizeHotUpdate": false,
  "orientation": {
    "landscapeLeft": true,
    "landscapeRight": true,
    "portrait": false,
    "upsideDown": false
  },
  "packageName": "org.cocos2d.hall",
  "platform": "ios",
  "previewHeight": "720",
  "previewWidth": "1280",
  "privateKey": "",
  "qqplay": {
    "REMOTE_SERVER_ROOT": "",
    "orientation": "portrait"
  },
  "renderMode": "0",
  "scenes": [
    "92bc63d6-94c8-4464-b854-b6b5d07d4743",
    "7bae9db5-5098-49b0-b306-bcf73c799a85"
  ],
  "sourceMaps": false,
  "startScene": "92bc63d6-94c8-4464-b854-b6b5d07d4743",
  "template": "binary",
  "title": "hall",
  "useDebugKeystore": true,
  "vsVersion": "auto",
  "webOrientation": "auto",
  "wechatgame": {
    "REMOTE_SERVER_ROOT": "",
    "appid": "wx6ac3f5090a6b99c5",
    "isSubdomain": false,
    "orientation": "portrait",
    "subContext": ""
  },
  "xxteaKey": "d7eed64e-50f7-43",
  "zipCompressJs": true,
  "project": "/Users/django/cocos-client/hall",
  "projectName": "hall",
  "debugBuildWorker": false
}
2019-01-02T07:44:19.812Z - normal: Building /Users/django/cocos-client/hall
2019-01-02T07:44:19.813Z - normal: Destination /Users/django/cocos-client/hall/build/jsb-binary
2019-01-02T07:44:19.817Z - normal: Delete /Users/django/cocos-client/hall/build/jsb-binary/res/**/*,/Users/django/cocos-client/hall/build/jsb-binary/src/*/
2019-01-02T07:44:19.864Z - normal: Checked Python Version [2.7.10]
2019-01-02T07:44:23.142Z - normal: Compiled project javascript file successfully
2019-01-02T07:44:23.143Z - normal: Start building assets
2019-01-02T07:44:23.143Z - normal: Start spawn build-worker
2019-01-02T07:44:23.876Z - normal: Finish spawn build-worker
2019-01-02T07:44:23.876Z - normal: Start init build-worker
2019-01-02T07:44:26.225Z - normal: 1.9.3
2019-01-02T07:44:26.312Z - normal: Finish init build-worker
2019-01-02T07:44:26.313Z - normal: Start build-assets in worker
2019-01-02T07:44:26.431Z - info: Enable "内联所有 SpriteFrame" in native platform will increase the package size used in hot update.
2019-01-02T07:44:26.585Z - normal: Finish build-assets in worker
2019-01-02T07:44:26.589Z - normal: Finish building assets
2019-01-02T07:44:26.598Z - normal: Start building raw assets
2019-01-02T07:44:26.600Z - normal: Start building plugin scripts
2019-01-02T07:44:26.645Z - normal: Finish building raw assets
2019-01-02T07:44:26.654Z - normal: Generating main.js from /Applications/CocosCreator.app/Contents/Resources/static/build-templates/shares/main.js
2019-01-02T07:44:26.697Z - normal: Checked Python Version [2.7.10]
2019-01-02T07:44:28.157Z - normal: Built to "/Users/django/cocos-client/hall/build/jsb-binary" successfully
